{
  "stats": {
    "suites": 2,
    "tests": 10,
    "passes": 10,
    "pending": 0,
    "failures": 0,
    "start": "2022-11-14T13:14:30.717Z",
    "end": "2022-11-14T13:14:30.746Z",
    "duration": 29,
    "testsRegistered": 10,
    "passPercent": 100,
    "pendingPercent": 0,
    "other": 0,
    "hasOther": false,
    "skipped": 0,
    "hasSkipped": false
  },
  "results": [
    {
      "uuid": "4303c453-40a6-484e-a21d-4cd11d9afddf",
      "title": "",
      "fullFile": "",
      "file": "",
      "beforeHooks": [],
      "afterHooks": [],
      "tests": [],
      "suites": [
        {
          "uuid": "bd0eb57a-29a0-4bad-9ad5-db2059a807d3",
          "title": "factorialShort",
          "fullFile": "E:\\mocha-unit-testing-example\\test\\specs\\factorialShort.spec.js",
          "file": "\\test\\specs\\factorialShort.spec.js",
          "beforeHooks": [
            {
              "title": "\"before each\" hook in \"factorialShort\"",
              "fullTitle": "factorialShort \"before each\" hook in \"factorialShort\"",
              "timedOut": false,
              "duration": 0,
              "state": null,
              "speed": null,
              "pass": false,
              "fail": false,
              "pending": false,
              "context": null,
              "code": "factorial = new Factorial();\nspy = chai.spy.on(factorial, 'factorialShort');",
              "err": {},
              "uuid": "ad4b9bf3-46ba-473d-9559-57ce7e59e039",
              "parentUUID": "bd0eb57a-29a0-4bad-9ad5-db2059a807d3",
              "isHook": true,
              "skipped": false
            }
          ],
          "afterHooks": [
            {
              "title": "\"after each\" hook in \"factorialShort\"",
              "fullTitle": "factorialShort \"after each\" hook in \"factorialShort\"",
              "timedOut": false,
              "duration": 0,
              "state": null,
              "speed": null,
              "pass": false,
              "fail": false,
              "pending": false,
              "context": null,
              "code": "factorial = null;",
              "err": {},
              "uuid": "5a5d7b4f-b95d-4495-af08-4a6971e3de2a",
              "parentUUID": "bd0eb57a-29a0-4bad-9ad5-db2059a807d3",
              "isHook": true,
              "skipped": false
            }
          ],
          "tests": [
            {
              "title": "should return 6 when called with number 3",
              "fullTitle": "factorialShort should return 6 when called with number 3",
              "timedOut": false,
              "duration": 1,
              "state": "passed",
              "speed": "fast",
              "pass": true,
              "fail": false,
              "pending": false,
              "context": null,
              "code": "expect(factorial.factorialShort(3)).to.be.equal(6);",
              "err": {},
              "uuid": "9f5ee97f-7d67-4964-8141-31495359b874",
              "parentUUID": "bd0eb57a-29a0-4bad-9ad5-db2059a807d3",
              "isHook": false,
              "skipped": false
            },
            {
              "title": "should return 362880 when called with number 9",
              "fullTitle": "factorialShort should return 362880 when called with number 9",
              "timedOut": false,
              "duration": 0,
              "state": "passed",
              "speed": "fast",
              "pass": true,
              "fail": false,
              "pending": false,
              "context": null,
              "code": "expect(factorial.factorialShort(9)).to.be.equal(362880);",
              "err": {},
              "uuid": "39d59e9f-9352-4eb9-91ee-f2e9dbe66c0e",
              "parentUUID": "bd0eb57a-29a0-4bad-9ad5-db2059a807d3",
              "isHook": false,
              "skipped": false
            },
            {
              "title": "should throw an error if provided with a negative number",
              "fullTitle": "factorialShort should throw an error if provided with a negative number",
              "timedOut": false,
              "duration": 2,
              "state": "passed",
              "speed": "fast",
              "pass": true,
              "fail": false,
              "pending": false,
              "context": null,
              "code": "let callWithError = () => factorial.factorialShort(-1);\nexpect(spy).to.be.a.spy;\nexpect(callWithError).to.throw(`Negative number!`);",
              "err": {},
              "uuid": "972245b3-8abe-4250-808d-79894ff5059d",
              "parentUUID": "bd0eb57a-29a0-4bad-9ad5-db2059a807d3",
              "isHook": false,
              "skipped": false
            },
            {
              "title": "should be called twice when provided with 2",
              "fullTitle": "factorialShort should be called twice when provided with 2",
              "timedOut": false,
              "duration": 1,
              "state": "passed",
              "speed": "fast",
              "pass": true,
              "fail": false,
              "pending": false,
              "context": null,
              "code": "factorial.factorialShort(2);\nexpect(spy).to.have.been.called(2);",
              "err": {},
              "uuid": "94dd6df5-ceab-476f-aaaa-d4d8e2be5589",
              "parentUUID": "bd0eb57a-29a0-4bad-9ad5-db2059a807d3",
              "isHook": false,
              "skipped": false
            },
            {
              "title": "should return 1 when provided 1",
              "fullTitle": "factorialShort should return 1 when provided 1",
              "timedOut": false,
              "duration": 0,
              "state": "passed",
              "speed": "fast",
              "pass": true,
              "fail": false,
              "pending": false,
              "context": null,
              "code": "expect(factorial.factorialShort(1)).to.be.equal(1);",
              "err": {},
              "uuid": "962b598c-2d15-424c-a69c-ae1d610b199b",
              "parentUUID": "bd0eb57a-29a0-4bad-9ad5-db2059a807d3",
              "isHook": false,
              "skipped": false
            }
          ],
          "suites": [],
          "passes": [
            "9f5ee97f-7d67-4964-8141-31495359b874",
            "39d59e9f-9352-4eb9-91ee-f2e9dbe66c0e",
            "972245b3-8abe-4250-808d-79894ff5059d",
            "94dd6df5-ceab-476f-aaaa-d4d8e2be5589",
            "962b598c-2d15-424c-a69c-ae1d610b199b"
          ],
          "failures": [],
          "pending": [],
          "skipped": [],
          "duration": 4,
          "root": false,
          "rootEmpty": false,
          "_timeout": 5000
        },
        {
          "uuid": "e742d037-6ab0-4093-91fb-16f29ceccc13",
          "title": "factorialSimple",
          "fullFile": "E:\\mocha-unit-testing-example\\test\\specs\\factorialSimple.spec.js",
          "file": "\\test\\specs\\factorialSimple.spec.js",
          "beforeHooks": [
            {
              "title": "\"before each\" hook in \"factorialSimple\"",
              "fullTitle": "factorialSimple \"before each\" hook in \"factorialSimple\"",
              "timedOut": false,
              "duration": 0,
              "state": null,
              "speed": null,
              "pass": false,
              "fail": false,
              "pending": false,
              "context": null,
              "code": "factorial = new Factorial();\nspy = chai.spy.on(factorial, 'factorialSimple');",
              "err": {},
              "uuid": "5c44eb76-678b-43c3-9431-de3046726107",
              "parentUUID": "e742d037-6ab0-4093-91fb-16f29ceccc13",
              "isHook": true,
              "skipped": false
            }
          ],
          "afterHooks": [
            {
              "title": "\"after each\" hook in \"factorialSimple\"",
              "fullTitle": "factorialSimple \"after each\" hook in \"factorialSimple\"",
              "timedOut": false,
              "duration": 0,
              "state": null,
              "speed": null,
              "pass": false,
              "fail": false,
              "pending": false,
              "context": null,
              "code": "factorial = null;",
              "err": {},
              "uuid": "3b5c7db9-75ac-4332-abde-c40ecff77fc2",
              "parentUUID": "e742d037-6ab0-4093-91fb-16f29ceccc13",
              "isHook": true,
              "skipped": false
            }
          ],
          "tests": [
            {
              "title": "should return 6 when called with number 3",
              "fullTitle": "factorialSimple should return 6 when called with number 3",
              "timedOut": false,
              "duration": 0,
              "state": "passed",
              "speed": "fast",
              "pass": true,
              "fail": false,
              "pending": false,
              "context": null,
              "code": "expect(factorial.factorialSimple(3)).to.be.equal(6);",
              "err": {},
              "uuid": "086a77c7-fd00-4bbf-b643-73b326869eb6",
              "parentUUID": "e742d037-6ab0-4093-91fb-16f29ceccc13",
              "isHook": false,
              "skipped": false
            },
            {
              "title": "should return 362880 when called with number 9",
              "fullTitle": "factorialSimple should return 362880 when called with number 9",
              "timedOut": false,
              "duration": 1,
              "state": "passed",
              "speed": "fast",
              "pass": true,
              "fail": false,
              "pending": false,
              "context": null,
              "code": "expect(factorial.factorialSimple(9)).to.be.equal(362880);",
              "err": {},
              "uuid": "994b57f4-fe86-4d94-a455-f37f69b73847",
              "parentUUID": "e742d037-6ab0-4093-91fb-16f29ceccc13",
              "isHook": false,
              "skipped": false
            },
            {
              "title": "should throw an error if provided with a negative number",
              "fullTitle": "factorialSimple should throw an error if provided with a negative number",
              "timedOut": false,
              "duration": 0,
              "state": "passed",
              "speed": "fast",
              "pass": true,
              "fail": false,
              "pending": false,
              "context": null,
              "code": "let callWithError = () => factorial.factorialSimple(-1);\nexpect(spy).to.be.a.spy;\nexpect(callWithError).to.throw(`Negative number!`);",
              "err": {},
              "uuid": "be7974f8-514d-4d90-b7d2-29c4cced97c9",
              "parentUUID": "e742d037-6ab0-4093-91fb-16f29ceccc13",
              "isHook": false,
              "skipped": false
            },
            {
              "title": "should be called twice when provided with 2",
              "fullTitle": "factorialSimple should be called twice when provided with 2",
              "timedOut": false,
              "duration": 0,
              "state": "passed",
              "speed": "fast",
              "pass": true,
              "fail": false,
              "pending": false,
              "context": null,
              "code": "factorial.factorialSimple(2);\nexpect(spy).to.have.been.called(1);",
              "err": {},
              "uuid": "3899aa85-9d2a-489b-98ac-dad013c25f7c",
              "parentUUID": "e742d037-6ab0-4093-91fb-16f29ceccc13",
              "isHook": false,
              "skipped": false
            },
            {
              "title": "should return 1 when provided 1",
              "fullTitle": "factorialSimple should return 1 when provided 1",
              "timedOut": false,
              "duration": 0,
              "state": "passed",
              "speed": "fast",
              "pass": true,
              "fail": false,
              "pending": false,
              "context": null,
              "code": "expect(factorial.factorialSimple(1)).to.be.equal(1);",
              "err": {},
              "uuid": "904e6b1b-768d-4312-a125-41366412197a",
              "parentUUID": "e742d037-6ab0-4093-91fb-16f29ceccc13",
              "isHook": false,
              "skipped": false
            }
          ],
          "suites": [],
          "passes": [
            "086a77c7-fd00-4bbf-b643-73b326869eb6",
            "994b57f4-fe86-4d94-a455-f37f69b73847",
            "be7974f8-514d-4d90-b7d2-29c4cced97c9",
            "3899aa85-9d2a-489b-98ac-dad013c25f7c",
            "904e6b1b-768d-4312-a125-41366412197a"
          ],
          "failures": [],
          "pending": [],
          "skipped": [],
          "duration": 1,
          "root": false,
          "rootEmpty": false,
          "_timeout": 5000
        }
      ],
      "passes": [],
      "failures": [],
      "pending": [],
      "skipped": [],
      "duration": 0,
      "root": true,
      "rootEmpty": true,
      "_timeout": 5000
    }
  ],
  "meta": {
    "mocha": {
      "version": "9.2.1"
    },
    "mochawesome": {
      "options": {
        "quiet": false,
        "reportFilename": "mochawesome",
        "saveHtml": true,
        "saveJson": true,
        "consoleReporter": "spec",
        "useInlineDiffs": false,
        "code": true
      },
      "version": "7.1.2"
    },
    "marge": {
      "options": null,
      "version": "6.1.1"
    }
  }
}